SF:lib/di/injection.dart
DA:5,9
DA:7,3
DA:9,3
DA:10,3
LF:4
LH:4
end_of_record
SF:lib/main.dart
DA:8,0
DA:9,0
DA:13,6
DA:20,3
DA:21,3
DA:27,3
DA:29,3
DA:30,3
DA:31,6
DA:34,3
DA:36,3
DA:37,3
DA:38,3
DA:39,6
DA:40,3
DA:42,3
DA:44,3
DA:47,9
DA:48,9
LF:19
LH:17
end_of_record
SF:lib/features/core/service/current_day_repository.dart
DA:10,0
DA:14,0
DA:15,0
DA:16,0
DA:19,0
DA:20,0
LF:6
LH:0
end_of_record
SF:lib/di/injection.config.dart
DA:25,3
DA:27,3
DA:28,3
DA:29,9
DA:30,9
DA:31,6
DA:32,0
DA:33,3
DA:35,7
DA:36,5
DA:37,6
DA:38,3
DA:39,6
DA:40,3
DA:41,0
DA:42,3
DA:43,12
DA:44,6
LF:18
LH:16
end_of_record
SF:lib/features/core/service/in_memory_repository.dart
DA:9,3
DA:86,3
DA:87,6
LF:3
LH:3
end_of_record
SF:lib/features/list/cubit/days_cubit.dart
DA:13,3
DA:17,3
DA:23,3
DA:24,3
DA:25,6
DA:26,6
DA:27,6
DA:29,6
DA:32,2
DA:33,8
DA:34,4
DA:35,2
DA:36,6
DA:37,2
DA:38,2
DA:39,2
DA:40,2
DA:44,1
DA:45,3
DA:46,1
DA:51,3
DA:56,3
DA:57,6
DA:58,6
DA:59,3
DA:60,3
DA:61,3
DA:64,3
LF:28
LH:28
end_of_record
SF:lib/features/rest/bloc/timer_bloc.dart
DA:15,2
DA:19,4
DA:20,4
DA:21,4
DA:23,4
DA:24,2
DA:25,6
DA:32,2
DA:34,4
DA:35,2
DA:38,2
DA:40,2
DA:42,4
DA:43,4
DA:49,2
DA:50,4
DA:51,4
DA:52,4
DA:54,8
DA:59,2
DA:60,4
LF:21
LH:21
end_of_record
SF:lib/features/rest/ticker.dart
DA:5,2
DA:6,2
DA:7,8
DA:8,2
LF:4
LH:4
end_of_record
SF:lib/features/training/cubit/training_cubit.dart
DA:7,2
DA:18,2
DA:21,2
DA:22,2
DA:23,4
DA:24,2
DA:25,2
DA:31,2
DA:32,6
DA:33,2
DA:34,6
DA:35,2
DA:36,4
DA:40,14
DA:41,6
DA:42,8
DA:44,10
DA:46,8
DA:48,1
DA:49,3
DA:55,8
DA:59,1
DA:60,4
DA:61,2
LF:24
LH:24
end_of_record
SF:lib/routes/app_router.gr.dart
DA:16,6
DA:20,3
DA:21,3
DA:24,2
DA:25,2
DA:26,2
DA:28,2
DA:29,2
DA:30,2
DA:31,2
DA:32,2
DA:34,2
DA:35,2
DA:36,2
DA:38,6
DA:40,1
DA:41,1
DA:46,3
DA:47,3
DA:48,3
DA:49,3
DA:50,3
DA:51,3
DA:58,0
DA:66,2
DA:71,2
DA:73,2
DA:83,2
DA:97,1
DA:99,5
DA:106,2
DA:107,2
DA:109,2
DA:115,2
DA:121,2
DA:123,6
DA:130,3
DA:131,0
LF:38
LH:36
end_of_record
SF:lib/di/shared_preferences_module.dart
DA:6,0
DA:9,0
LF:2
LH:0
end_of_record
SF:lib/features/congratulation/congratulation_screen.dart
DA:4,3
DA:8,1
DA:10,1
DA:11,1
DA:12,1
DA:13,1
DA:15,1
DA:16,1
DA:18,3
DA:20,1
DA:22,3
LF:11
LH:11
end_of_record
SF:lib/features/list/screen/list_days_screen.dart
DA:9,3
DA:11,3
DA:13,3
DA:14,12
DA:15,3
DA:16,3
DA:17,3
DA:18,6
DA:19,3
DA:22,3
DA:23,3
DA:24,3
DA:25,0
DA:26,6
DA:27,3
DA:28,3
DA:29,3
DA:31,3
DA:32,2
DA:33,4
DA:35,6
DA:36,6
DA:37,6
DA:38,3
DA:39,6
DA:40,9
DA:43,12
DA:44,3
DA:46,3
DA:52,0
DA:53,0
DA:63,3
DA:64,12
LF:33
LH:30
end_of_record
SF:lib/features/list/screen/widgets/loading_indicator.dart
DA:4,3
DA:6,0
LF:2
LH:1
end_of_record
SF:lib/features/rest/screen/rest_screen.dart
DA:7,2
DA:14,2
DA:16,2
DA:17,8
DA:24,3
DA:26,2
DA:28,2
DA:29,2
DA:30,2
DA:31,2
DA:32,2
DA:55,3
DA:57,2
DA:59,8
DA:61,10
DA:62,6
DA:63,2
DA:64,2
DA:65,6
DA:71,3
DA:73,2
DA:75,2
DA:76,2
DA:77,2
DA:78,4
DA:79,0
DA:84,2
LF:27
LH:26
end_of_record
SF:lib/features/splash/splash_screen.dart
DA:5,3
DA:9,3
DA:11,3
DA:12,6
LF:4
LH:4
end_of_record
SF:lib/features/training/screens/training_screen.dart
DA:9,2
DA:20,2
DA:22,2
DA:23,6
DA:24,2
DA:25,2
DA:26,2
DA:29,4
DA:35,2
DA:42,2
DA:44,2
DA:45,1
DA:46,3
DA:49,2
DA:52,2
DA:53,2
DA:54,4
DA:69,2
DA:70,2
DA:71,2
DA:72,2
DA:73,6
DA:75,2
DA:78,2
DA:79,2
DA:80,4
DA:81,2
DA:82,2
DA:83,2
DA:84,2
DA:85,6
DA:90,2
DA:92,6
DA:104,1
DA:105,1
DA:108,1
DA:109,1
DA:111,1
DA:112,2
DA:113,2
DA:115,1
DA:117,0
DA:118,0
DA:125,2
LF:44
LH:42
end_of_record
